donor
depletion
depleted
anti-
anti
soluble
Effects off
Targeted
target
targeting
blocks
activated by
inhibits
inhibitor-
allergy to
Antibody
suppression of
immunosuppressive
trap
Inhibiting
targeting
targeting
to target
Antisense
in Treatment
antibodies
Fusion Protein
inhibitors
therapies
antagonist
IMP321
inhibitor
inhibitation
inhibition
inhibit
bispecific
bi-specific
blocking
blockade
Bilogical
figure out
abstinent
declined
declines
denied
denies
denying
rather than
with no evidence of
anti-
anti
NOT SIGNIFICANT
not visualized
on the differential
that are declining
treatment
Therapy
-targeted