Immunologic disorders
Immunologic disorder
Immunologic diseases
Immunodeficiency
Autoimmune disease
Autoimmune
Vasculitis
Arthritis
Psoriatic Arthritis
Rheumatoid Arthritis
Pediatric Juvenile Psoriatic Arthritis
Psoriatic Arthritis 
Axial spondyloarthritis
Axial SpA
Axial SpA Giant Cell Arteritis
Osteoarthritis
Psoriasis
Plaque psoriasis
Pediatric Psoriasis
Pediatric Plaque Psoriasis
Genital Psoriasis
Juvenile Psoriatic Arthritis
Hidradenitis Suppurativa
Ulcerative Colitis
Pediatric Ulcerative Colitis
Inflammatory Bowel Disease
Lupus
Systemic Lupus Erythematosus
Discoid Lupus Erythematosus
Cutaneous Lupus Erythematosus
Lupus nephritis
Crohn's Disease
Crohn Disease
Crohns Disease
Pediatric Crohn's Disease
Pediatric Crohns Disease
Pediatric Crohn Disease
Arteritis
Giant Cell Arteritis
Takayasu Arteritis
Sjogren's Syndrome
Sjogrens Syndrome
Sjogren Syndrome
Warm Autoimmune Hemolytic Anemia
Hemolytic disease of the fetus and newborn
Paroxysmal nocturnal hemoglobinuria
Asthma
Sclerosis
Systemic Sclerosis
Multiple sclerosis
Amyotrophic Lateral Sclerosis
Nephropathy
IgA-nephropathy
IgA nephropathy
Membranous Nephropathy
Chronic obstructive disease
Chronic obstructive pulmonary disease
Idiopathic pulmonary fibrosis
IPF
Myelofibrosis
Pediatric Behcet's Disease
Behcet's Disease
Behcets Disease
Atopic Dermatitis
Stasis Dermatitis
Dermatitis
Juvenile Dermatomyositis
Palmoplantar Pustulosis
Chronic Rhinocinusitis
Chronic Spontaneous Urticaria
Pediatric celiac disease
Celiac Disease
Polymyalgia rheumatica
Ankylosing Spondylitis
Eosinophilic Esophagitis
Esophagitis
Dermatomyositis
Wiskott-Aldrich Syndrome
Wiskott Aldrich Syndrome
Alopecia
Alopecia Areata
Pemphigus
Thrombocytopenia
Graves' disease
Graves disease
Polymyositis
Type 1 diabetes mellitus
Diabetes mellitus type 1
eczema
Psoriasis
Juvenile Idiopathic Arthritis
JIA
Rheumatoid Arthritis
Crohn's Disease
Crohns Disease
Ulcerative Colitis
Axial Spondylytis
Dermatomyositis 
Dermatitis herpetiformis
Epidermolysis Bullosa Simplex
Epidermolysis bullosa acquisita
Vitiligo
Urticaria
Autoinflammatory disease 
Guttate Psoriasis
Pustular Psoriasis
Inverse Psoriasis
Erythrodermic Psoriasis
Sneddon-Wilkinson Syndrome
Sneddon Wilkinson Syndrome
Atopic dermatitis 
Atopic eczema
Dyshidrotic eczema
Vesicular Palmoplantar Eczema
Dermatitis Eczema
Seborrheic dermatitis
Duhring disease
Chronic Urticaria
Chronic idiopathic urticaria
Familial Cold Urticaria
Muckle-Wells Syndrome
Muckle-Well Syndrome
Muckle Wells Syndrome
Muckle Well Syndrome
Schnitzler Syndrome
Cryopyrin-associated Periodic Syndromes
Dyslipidaemia
Rheumatoid Polyarthritis
Rheumatoid Nodule
Rheumatoid Pneumoconiosis
Caplan's syndrome
Caplans syndrome
Rheumatoid Vasculitis
Sjögren's syndrome
Sjögrens syndrome
Sjögren syndrome
Sjogren's syndrome
Sjogrens syndrome
Sjogren syndrome
Spondylitis
Spondyloarthritis
Psoriasis Arthritis
Juvenile Idiopathic Arthritis
Osteo Arthritis
Adult-onset Still's disease
Adult-onset Stills disease
Still's Disease, Adult-Onset
Caplan's syndrome
Caplans syndrome
Caplan syndrome
Ankylosing Hyperostosis 
Diffuse idiopathic skeletal hyperostosis 
Colitis
Celiac disease 
Enteropathy
Inflammatory bowel diseases
IBD
Ileocolitis
Ileitis
Gastroduodenal Crohn’s
Gastroduodenal Crohns
Jejunoileitis
Crohn's (granulomatous) colitis
Crohns (granulomatous) colitis
Fistulizing Crohns Disease
Perianal Crohns Disease
Autoimmune enteropathy
Addison's disease
Addisons disease
Addison disease
Thyroiditis
Hypothyroidism
Hashimoto
Hyperthyroidism
Hashitoxicosis
Graves/Basedow disease
Graves Basedow disease
Graves disease
Basedow disease
Pancreatitis
Diabetes mastopathy
Polyglandular Autoimmune Syndrome
Autoimmune Anaemia
Autoimmune Anemia
Autoimmune Aplastic Anaemia
Autoimmune Haemolytic Anaemia
Pernicious Anaemia
Pernicious Anemia
Autoimmune Hemolytic anemia
Autoimmune Hemolytic Anaemia
Cold type Autoimmune Hemolytic Anemia
Warm Autoimmune Haemolytic Anemia
Warm Autoimmune Haemolytic Anaemia
WAIHA
Atypical hemolytic uremic syndrome
AutoimmuneThrombocytopenia
Heparin-induced thrombocytopenia
Heparin induced thrombocytopenia
Autoimmune Neutropenia
Evas syndrome
Hypoprothrombinemia syndrome
Angiitis
Wegener's vasculitis
Wegeners vasculitis
Wegener vasculitis
Giant Cell Arteritis
Temporal Arteritis
Polyarteritis nodosa
Pericarditis
Autoimmune myocarditis
Chronic Myocarditis
Hepatitis
Chloangitis
Hemoglobinuria
Alloimmune Hepatitis
Autoimmune Hepatitis
Autoimmune Chloangitis
Primary Biliary Chloangitis
Primary Sclerosing Cholangitis
Berger's disease
Bergers disease
Berger disease
IgA Nephropathy
Myopathy
Myositis
Myasthenia gravis
Neuromyotonia
Scleroderma
Idiopathic inflammatory myopathy
Autoimmune myositis
Juvenile polymyositis
Ocular myasthenia
Acute disseminated encephalomyelitis
ADEM
Acute haemorrhagic leukoencephalitis
Guillain-Barre syndrome
Neuromyelitis Optica
Encephalitis
Parkinson's disease
Parkinsons disease
Neuromyelitis Optica Spectrum Disorder
Autoimmune Encephalitis
Lupus erythematousus
Neuropsychiatric Lupus
Acute cutaneous lupus
Chronic cutaneous lupus erythematosus
Subacute cutaneous lupus erythematosus
Neurotrophic Keratitis
Autoimmnue polyglandular syndrome type 1
Keratitis
Emphysema
Chronic Obstructive Pulmonary Disease
COPD
Cystic fibrosis
Eosinophilic Asthma 
HIV
human immunodeficiency virus
acquired immunodeficiency syndrome
AIDS
Warm Antibody Autoimmune Haemolytic Anemia