Alzheimer’s disease
Alzheimer's disease
Alzheimer''s disease
Alzheimers disease
Alzheimer disease
Alzheimer''s dementia
Alzheimer's dementia
Alzheimers dementia
Alzheimer dementia
Dementia of the Alzheimer
degenerative dementia of the Alzheimer
Dementia, Alzheimer
Dementia Alzheimer
Alzheimer-type Dementia
Alzheimer type Dementia
Alzheimers type Dementia
Alzheimers-type Dementia
Dementia of the Alzheimer''s
Dementia of the Alzheimer's
Dementia of the Alzheimers
Eosinophilic Asthma
Asthma
Chronic obstructive pulmonary disease
chronic obstructive disease
Chronic obstructive pulmonary disease
Emphysema
Chronic bronchitis
COPD
Pulmonary Disease, Chronic Obstructive