excluding
except
must be free of
not limited
lack
No-
wild-type-
wild type-
WT-
wild-type
wild type
WT
lacking
No
do not
does not
no evidence of
rule out
absence of
negative
never
never developed
never had
nor
no new evidence
no other evidence
no evidence to suggest
no findings of
no findings to indicate
no sign of
no signs of
no suggestion of
no suspicious
not associated with
not demonstrate
not exhibit
not had
not have
not know of
not known to have
not to be
patient was not
to exclude
w/o evidence of
without any evidence of
without evidence
without indication of
without sign of
No-drive
lackingEGFR-sensitizing
-)
Evaluation Criteria
exception of