HER2 Low
HER2-0
HER2-zero
HER2 zero
lack of HER2
HER 2 Low
HER 2-0
HER 2-zero
HER 2 zero
HER-2 Low
HER-2-0
HER-2-zero
HER-2 zero
lack of ERBB2
Human Epidermal Growth Factor Receptor 2-Low
Human Epidermal Growth Factor Receptor 2 Low
Human Epidermal Growth Factor Receptor 2-0
Human Epidermal Growth Factor Receptor 2 0
Human Epidermal Growth Factor Receptor 2-zero
Human Epidermal Growth Factor Receptor 2 zero
lack of Human Epidermal Growth Factor Receptor 2
low-HER2
low HER2
low-Human Epidermal Growth Factor Receptor 2
low Human Epidermal Growth Factor Receptor 2
HER2-expressing
HER2 expressing
Human Epidermal Growth Factor Receptor 2-expressing
Human Epidermal Growth Factor Receptor 2 expressing
HER2 Low Expression
Epidermal Growth Factor Receptor 2 expressing Low Expression
HER2-low
HER2 low
Epidermal Growth Factor Receptor 2-low
Epidermal Growth Factor Receptor 2 low
overexpressing HER2
overexpressing Epidermal Growth Factor Receptor 2