HER2 Low
lack of HER2
HER 2 Low
HER-2 Low
Human Epidermal Growth Factor Receptor 2-Low
Human Epidermal Growth Factor Receptor 2 Low
lack of Human Epidermal Growth Factor Receptor 2
low-HER2
low HER2
low-Human Epidermal Growth Factor Receptor 2
low Human Epidermal Growth Factor Receptor 2
HER2 Low Expression
Epidermal Growth Factor Receptor 2 expressing Low Expression
HER2-low
HER2 low
Epidermal Growth Factor Receptor 2-low
Epidermal Growth Factor Receptor 2 low
HER2 1+ or 2+ with Negative
FISH negative
FISH neg
HER2-neg/Low
IHC 1+
IHC 2+
FISH -
FISH-
IHC+
IHC +