Race
Racial
race-based
race based
BIPOC
Disparity
Disparities
Minority
Minorities
AIAN
inequity
racism
AAPI
African
equity
underrepresented
underserved
marginalized
ethnic
ethnically
African American
African-American
latino
latina
latinx
Asian
alaska native
alaska-native
Alaskan native
Alaskan-native
indian
native american
native-american
hispanic
american indian
american-indian
pacific islander
pacific-islander
black
african ancestory
african-ancestory
native hawaiian
native-hawaiian
regional differences
survival discrepancy
non-white
non white
Multiracial
Indigenous
People of color
Oriental
immigrants
Refugee
Priority population
Japanese
Chinese
Asian
Mexican
Korean
Filipino
Vitenamese
African
Somali
Hmong
Karenni
Ashkenazi
Indian
South american
South-american
Central american
Central-american