Early Stage
Intermediate
Advanced
Refractory
Relapsed
Adult
Early-Onset
Acute
Chronic
Early onset
Not specified
early-onset
EOMG
late-onset
LOMG
very late-onset MG
VLOMG
Neonatal
Older Adult
Young-onset
Active
Newly Diagnosed
Acute/Subacute
Early Symptomatic
Manifest
Premanifest
Prodromal
Early manifest
Late-stage
Presymptomatic
Symptomatic
nonsegmental
non-segmental
non segmental
Segmental
Newly Onset
Newly-Onset
NewlyOnset
Chronic Spontaneous
Chronic Inducible
Mucosal -Dominant 
Mucosal-Dominant 
Mucosal Dominant 
Chronic idiopathic
Subacute
children
Adolescents
Childhood
juvenile
Adult Onset
Adult-Onset
Juvenile Onset
Juvenile-Onset
Uncontrolled
Primary
New-onset
Relapsing
NDDM
Not segmental
Not-segmental
Late-onset
Late onset
younger-onset
younger onset
Eosinophilic