Adenocarcinoma
Adenocarcinomas
Angiosarcoma
Astrocytoma
Cancer
Cancers
Carcinoma
Carcinomas
Cholangiocarcinoma
Chondrosarcoma
Chordoma
Glioblastoma
Glioma
Hepatoblastoma
Leiomyosarcoma
Leukaemia
Leukaemias
Leukemia
Liposarcoma
Lymphoma
Lymphomas
Lymphoproliferative
Malignancies
Malignancy
Medulloblastoma
Melanoma
Meningioma
Mesothelioma
Metastases
Myelofibrosis
Myeloma
Myelomas
Neoplasia
Neoplasm
Neoplasms
Neuroblastoma
Osteosarcoma
Paraganglioma
Pheochromocytoma
Polycythemia Vera
Retinoblastoma
Rhabdomyosarcoma
Sarcoma
Sarcomas
Solid Tumors
Syndrome
Tumor
Tumors
Tumour
Tumours