standard testing platform
blood sampling
qualitative
analysis
microvessel density
changes to
assessment
immunohistochemical
screening
evalute
Detection
detectable
blood-based NGS assay
blood based NGS assay
positive (present) or not
Tissue specimen
positive and negative
Flow cytometry
Cytogenetics
Fluorescence in situ hybridization
FISH
Genetic Testing 
Immunohistochemistry
IHC
Karyotype
Liquid Biopsy
Multi-Gene Panel
Multi Gene Panel
Next-Generation Sequencing
Next Generation Sequencing
NGS
Polygenic Risk Score
Sanger Sequencing
polymerase chain reaction amplification
PCR amplification
Whole Exome Sequencing
Whole Genome Sequencing
protein arrays
Tissue analysis
Enzyme-linked immunosorbent assay
Enzyme linked immunosorbent assay
ELISA
Western blotting
protein microarray
Luminex
Protein Microarray
SPRi
Histoscore
H score
Testing
evaluation
Levels of
changes in
status
Assess