Psychosis
Agitation
Depression
Apathy
Anxiety
Sleep Disturbances
Dementia
Chorea
Irritability
Aggression
Cognitive Impairment
Insomnia
Pseudobulbar affect
Spasticity
Delusions
Hallucinations
Mania
Hypomania
Manic
Manias
Maniacal
Manically
Hypomanic
Psychotic
Psychoses
Agitated
Agitate
Agitating
Depressive
Depress
Depressing
Depressed
Apathetic
Anxious
Anxeity
Anxiously
Anxieties
Central Scotoma
Distal Myasthenia
Proximal Myasthenia
Paresthesia
Ataxia
Ptosis
Diplopia
Dysarthria
Dysphonia
Proximal arm fatigue
Fatigue
Dysphagia
Dyspnea
Muscle Cramp
Muscle Cramps
Vision lost
Vision loss
Vision imparment
central scotomas
central scotoma
blind spot